<?xml version="1.0" encoding="UTF-8"?>
<!-- Generated by org.testng.reporters.JUnitReportReporter -->
<testsuite hostname="shree" name="jenkin.mavenjenkin" tests="1" failures="0" timestamp="11 May 2019 13:13:27 GMT" time="45.343" errors="0">
  <testcase name="loadurl" time="45.343" classname="jenkin.mavenjenkin"/>
</testsuite> <!-- jenkin.mavenjenkin -->
